2023-12-20 13:25:40,042 :INFO :test_formSubmission :Entered First name and email
2023-12-20 13:25:40,119 :INFO :test_formSubmission :Selected gender attribute
2023-12-20 13:25:40,279 :INFO :test_formSubmission :Submitted form
2023-12-20 13:25:40,279 :INFO :test_formSubmission :form is submitted successfully with correct message
2023-12-20 13:25:40,853 :INFO :test_formSubmission :Entered First name and email
2023-12-20 13:25:40,853 :INFO :test_formSubmission :Entered First name and email
2023-12-20 13:25:40,999 :INFO :test_formSubmission :Selected gender attribute
2023-12-20 13:25:40,999 :INFO :test_formSubmission :Selected gender attribute
2023-12-20 13:25:41,131 :INFO :test_formSubmission :Submitted form
2023-12-20 13:25:41,131 :INFO :test_formSubmission :Submitted form
2023-12-20 13:25:41,154 :INFO :test_formSubmission :form is submitted successfully with correct message
2023-12-20 13:25:41,154 :INFO :test_formSubmission :form is submitted successfully with correct message
2023-12-20 13:25:49,371 :INFO :test_e2e :Navigated to products page
2023-12-20 13:25:49,395 :INFO :test_e2e :Getting all products title
2023-12-20 13:25:49,555 :INFO :test_e2e :Added desired product in the cart
2023-12-20 13:25:49,693 :INFO :test_e2e :Navigated to checkout page
2023-12-20 13:25:49,785 :INFO :test_e2e :Navigated to purchase order page
2023-12-20 13:25:49,925 :INFO :test_e2e :Entered country name
2023-12-20 13:25:55,249 :INFO :test_e2e :Alert message is correct
2023-12-20 13:28:37,313 :INFO :test_formSubmission :Entered First name and email
2023-12-20 13:28:37,392 :INFO :test_formSubmission :Selected gender attribute
2023-12-20 13:28:37,559 :INFO :test_formSubmission :Submitted form
2023-12-20 13:28:37,559 :INFO :test_formSubmission :form is submitted successfully with correct message
2023-12-20 13:28:38,104 :INFO :test_formSubmission :Entered First name and email
2023-12-20 13:28:38,104 :INFO :test_formSubmission :Entered First name and email
2023-12-20 13:28:38,222 :INFO :test_formSubmission :Selected gender attribute
2023-12-20 13:28:38,222 :INFO :test_formSubmission :Selected gender attribute
2023-12-20 13:28:38,329 :INFO :test_formSubmission :Submitted form
2023-12-20 13:28:38,329 :INFO :test_formSubmission :Submitted form
2023-12-20 13:28:38,329 :INFO :test_formSubmission :form is submitted successfully with correct message
2023-12-20 13:28:38,329 :INFO :test_formSubmission :form is submitted successfully with correct message
2023-12-20 13:28:47,067 :INFO :test_e2e :Navigated to products page
2023-12-20 13:28:47,090 :INFO :test_e2e :Getting all products title
2023-12-20 13:28:47,244 :INFO :test_e2e :Added desired product in the cart
2023-12-20 13:28:47,377 :INFO :test_e2e :Navigated to checkout page
2023-12-20 13:28:47,480 :INFO :test_e2e :Navigated to purchase order page
2023-12-20 13:28:47,612 :INFO :test_e2e :Entered country name
2023-12-20 13:28:52,992 :INFO :test_e2e :Alert message is correct
2023-12-20 13:49:24,958 :INFO :test_formSubmission :Entered First name and email
2023-12-20 13:49:25,041 :INFO :test_formSubmission :Selected gender attribute
2023-12-20 13:49:25,188 :INFO :test_formSubmission :Submitted form
2023-12-20 13:49:26,041 :INFO :test_formSubmission :Entered First name and email
2023-12-20 13:49:26,041 :INFO :test_formSubmission :Entered First name and email
2023-12-20 13:49:26,167 :INFO :test_formSubmission :Selected gender attribute
2023-12-20 13:49:26,167 :INFO :test_formSubmission :Selected gender attribute
2023-12-20 13:49:26,273 :INFO :test_formSubmission :Submitted form
2023-12-20 13:49:26,273 :INFO :test_formSubmission :Submitted form
2023-12-20 13:49:34,189 :INFO :test_e2e :Navigated to products page
2023-12-20 13:49:34,211 :INFO :test_e2e :Getting all products title
2023-12-20 13:49:34,383 :INFO :test_e2e :Added desired product in the cart
2023-12-20 13:49:34,539 :INFO :test_e2e :Navigated to checkout page
2023-12-20 13:49:34,630 :INFO :test_e2e :Navigated to purchase order page
2023-12-20 13:49:34,757 :INFO :test_e2e :Entered country name
2023-12-20 13:49:40,102 :INFO :test_e2e :Alert message is correct
2023-12-20 13:52:51,818 :INFO :test_formSubmission :Entered First name and email
2023-12-20 13:52:51,896 :INFO :test_formSubmission :Selected gender attribute
2023-12-20 13:52:52,055 :INFO :test_formSubmission :Submitted form
2023-12-20 13:52:52,055 :INFO :test_formSubmission :form is submitted successfully with correct message
2023-12-20 13:52:52,562 :INFO :test_formSubmission :Entered First name and email
2023-12-20 13:52:52,562 :INFO :test_formSubmission :Entered First name and email
2023-12-20 13:52:52,681 :INFO :test_formSubmission :Selected gender attribute
2023-12-20 13:52:52,681 :INFO :test_formSubmission :Selected gender attribute
2023-12-20 13:52:52,787 :INFO :test_formSubmission :Submitted form
2023-12-20 13:52:52,787 :INFO :test_formSubmission :Submitted form
2023-12-20 13:52:52,787 :INFO :test_formSubmission :form is submitted successfully with correct message
2023-12-20 13:52:52,787 :INFO :test_formSubmission :form is submitted successfully with correct message
2023-12-20 13:53:01,031 :INFO :test_e2e :Navigated to products page
2023-12-20 13:53:01,057 :INFO :test_e2e :Getting all products title
2023-12-20 13:53:01,217 :INFO :test_e2e :Added desired product in the cart
2023-12-20 13:53:01,348 :INFO :test_e2e :Navigated to checkout page
2023-12-20 13:53:01,442 :INFO :test_e2e :Navigated to purchase order page
2023-12-20 13:53:01,567 :INFO :test_e2e :Entered country name
2023-12-20 15:45:14,053 :INFO :test_formSubmission :Entered First name and email
2023-12-20 15:45:14,175 :INFO :test_formSubmission :Selected gender attribute
2023-12-20 15:45:14,502 :INFO :test_formSubmission :Submitted form
2023-12-20 15:45:14,502 :INFO :test_formSubmission :form is submitted successfully with correct message
2023-12-20 15:45:15,399 :INFO :test_formSubmission :Entered First name and email
2023-12-20 15:45:15,399 :INFO :test_formSubmission :Entered First name and email
2023-12-20 15:45:15,511 :INFO :test_formSubmission :Selected gender attribute
2023-12-20 15:45:15,511 :INFO :test_formSubmission :Selected gender attribute
2023-12-20 15:45:15,611 :INFO :test_formSubmission :Submitted form
2023-12-20 15:45:15,611 :INFO :test_formSubmission :Submitted form
2023-12-20 15:45:15,611 :INFO :test_formSubmission :form is submitted successfully with correct message
2023-12-20 15:45:15,611 :INFO :test_formSubmission :form is submitted successfully with correct message
2023-12-20 15:45:46,048 :INFO :test_e2e :Navigated to products page
2023-12-20 15:45:46,066 :INFO :test_e2e :Getting all products title
2023-12-20 15:45:46,242 :INFO :test_e2e :Added desired product in the cart
2023-12-20 15:45:46,430 :INFO :test_e2e :Navigated to checkout page
2023-12-20 15:45:46,547 :INFO :test_e2e :Navigated to purchase order page
2023-12-20 15:45:46,688 :INFO :test_e2e :Entered country name
2023-12-20 15:58:29,670 :INFO :test_formSubmission :Entered First name and email
2023-12-20 15:58:29,767 :INFO :test_formSubmission :Selected gender attribute
2023-12-20 15:58:29,987 :INFO :test_formSubmission :Submitted form
2023-12-20 15:58:29,988 :INFO :test_formSubmission :form is submitted successfully with correct message
2023-12-20 15:58:30,647 :INFO :test_formSubmission :Entered First name and email
2023-12-20 15:58:30,647 :INFO :test_formSubmission :Entered First name and email
2023-12-20 15:58:30,767 :INFO :test_formSubmission :Selected gender attribute
2023-12-20 15:58:30,767 :INFO :test_formSubmission :Selected gender attribute
2023-12-20 15:58:30,885 :INFO :test_formSubmission :Submitted form
2023-12-20 15:58:30,885 :INFO :test_formSubmission :Submitted form
2023-12-20 15:58:30,886 :INFO :test_formSubmission :form is submitted successfully with correct message
2023-12-20 15:58:30,886 :INFO :test_formSubmission :form is submitted successfully with correct message
2023-12-20 15:58:42,231 :INFO :test_e2e :Navigated to products page
2023-12-20 15:58:42,298 :INFO :test_e2e :Getting all products title
2023-12-20 15:58:42,577 :INFO :test_e2e :Added desired product in the cart
2023-12-20 15:58:43,035 :INFO :test_e2e :Navigated to checkout page
2023-12-20 15:58:43,272 :INFO :test_e2e :Navigated to purchase order page
2023-12-20 15:58:43,571 :INFO :test_e2e :Entered country name
2023-12-20 16:00:18,336 :INFO :test_formSubmission :Entered First name and email
2023-12-20 16:00:18,415 :INFO :test_formSubmission :Selected gender attribute
2023-12-20 16:00:18,581 :INFO :test_formSubmission :Submitted form
2023-12-20 16:00:18,581 :INFO :test_formSubmission :form is submitted successfully with correct message
2023-12-20 16:00:19,147 :INFO :test_formSubmission :Entered First name and email
2023-12-20 16:00:19,147 :INFO :test_formSubmission :Entered First name and email
2023-12-20 16:00:19,253 :INFO :test_formSubmission :Selected gender attribute
2023-12-20 16:00:19,253 :INFO :test_formSubmission :Selected gender attribute
2023-12-20 16:00:19,395 :INFO :test_formSubmission :Submitted form
2023-12-20 16:00:19,395 :INFO :test_formSubmission :Submitted form
2023-12-20 16:00:19,396 :INFO :test_formSubmission :form is submitted successfully with correct message
2023-12-20 16:00:19,396 :INFO :test_formSubmission :form is submitted successfully with correct message
2023-12-20 16:00:29,675 :INFO :test_e2e :Navigated to products page
2023-12-20 16:00:29,702 :INFO :test_e2e :Getting all products title
2023-12-20 16:00:29,866 :INFO :test_e2e :Added desired product in the cart
2023-12-20 16:00:29,999 :INFO :test_e2e :Navigated to checkout page
2023-12-20 16:00:30,104 :INFO :test_e2e :Navigated to purchase order page
2023-12-20 16:00:30,237 :INFO :test_e2e :Entered country name
2023-12-20 16:21:40,050 :INFO :test_formSubmission :Entered First name and email
2023-12-20 16:21:40,145 :INFO :test_formSubmission :Selected gender attribute
2023-12-20 16:21:40,386 :INFO :test_formSubmission :Submitted form
2023-12-20 16:21:40,387 :INFO :test_formSubmission :form is submitted successfully with correct message
2023-12-20 16:21:40,941 :INFO :test_formSubmission :Entered First name and email
2023-12-20 16:21:40,941 :INFO :test_formSubmission :Entered First name and email
2023-12-20 16:21:41,063 :INFO :test_formSubmission :Selected gender attribute
2023-12-20 16:21:41,063 :INFO :test_formSubmission :Selected gender attribute
2023-12-20 16:21:41,165 :INFO :test_formSubmission :Submitted form
2023-12-20 16:21:41,165 :INFO :test_formSubmission :Submitted form
2023-12-20 16:21:41,166 :INFO :test_formSubmission :form is submitted successfully with correct message
2023-12-20 16:21:41,166 :INFO :test_formSubmission :form is submitted successfully with correct message
2023-12-20 16:21:50,360 :INFO :test_e2e :Navigated to products page
2023-12-20 16:21:50,389 :INFO :test_e2e :Getting all products title
2023-12-20 16:21:50,535 :INFO :test_e2e :Added desired product in the cart
2023-12-20 16:21:50,639 :INFO :test_e2e :Navigated to checkout page
2023-12-20 16:21:50,724 :INFO :test_e2e :Navigated to purchase order page
2023-12-20 16:21:50,837 :INFO :test_e2e :Entered country name
2023-12-20 18:45:19,497 :INFO :test_formSubmission :Entered First name and email
2023-12-20 18:48:14,915 :INFO :test_formSubmission :Entered First name and email
2023-12-20 18:48:15,141 :INFO :test_formSubmission :Selected gender attribute
2023-12-20 18:48:15,479 :INFO :test_formSubmission :Submitted form
2023-12-20 18:48:15,480 :INFO :test_formSubmission :form is submitted successfully with correct message
2023-12-20 18:52:16,147 :INFO :test_formSubmission :Entered First name and email
2023-12-20 18:52:16,294 :INFO :test_formSubmission :Selected gender attribute
2023-12-20 18:52:16,616 :INFO :test_formSubmission :Submitted form
2023-12-20 18:52:16,616 :INFO :test_formSubmission :form is submitted successfully with correct message
2023-12-20 18:52:55,731 :INFO :test_formSubmission :Entered First name and email
2023-12-20 18:52:55,868 :INFO :test_formSubmission :Selected gender attribute
2023-12-20 18:52:56,124 :INFO :test_formSubmission :Submitted form
2023-12-20 18:52:56,124 :INFO :test_formSubmission :form is submitted successfully with correct message
2023-12-20 18:54:36,078 :INFO :test_formSubmission :Entered First name and email
2023-12-20 18:54:36,210 :INFO :test_formSubmission :Selected gender attribute
2023-12-20 18:54:36,480 :INFO :test_formSubmission :Submitted form
2023-12-20 18:54:36,480 :INFO :test_formSubmission :form is submitted successfully with correct message
2023-12-20 18:58:36,659 :INFO :test_formSubmission :Entered First name and email
2023-12-20 18:58:36,732 :INFO :test_formSubmission :Selected gender attribute
2023-12-20 18:58:37,019 :INFO :test_formSubmission :Submitted form
2023-12-20 18:58:37,019 :INFO :test_formSubmission :form is submitted successfully with correct message
